2009-03-16 11:56:26,400 - Starting Apache Velocity v1.5 (compiled: 2007-02-22 08:52:29)
2009-03-16 11:56:26,400 - Default Properties File: org/apache/velocity/runtime/defaults/velocity.properties
2009-03-16 11:56:26,400 - Trying to use logger class org.apache.velocity.runtime.log.AvalonLogChute
2009-03-16 11:56:26,403 - Couldn't find class org.apache.velocity.runtime.log.AvalonLogChute or necessary supporting classes in classpath.
java.lang.NoClassDefFoundError: org/apache/log/format/Formatter
	at java.lang.Class.forName0(Native Method)
	at java.lang.Class.forName(Class.java:186)
	at org.apache.velocity.util.ClassUtils.getClass(ClassUtils.java:76)
	at org.apache.velocity.util.ClassUtils.getNewInstance(ClassUtils.java:95)
	at org.apache.velocity.runtime.log.LogManager.createLogChute(LogManager.java:147)
	at org.apache.velocity.runtime.log.LogManager.updateLog(LogManager.java:208)
	at org.apache.velocity.runtime.RuntimeInstance.initializeLog(RuntimeInstance.java:728)
	at org.apache.velocity.runtime.RuntimeInstance.init(RuntimeInstance.java:240)
	at org.apache.velocity.app.VelocityEngine.init(VelocityEngine.java:116)
	at org.apache.torque.task.TorqueDataModelTask.execute(TorqueDataModelTask.java:475)
	at org.apache.tools.ant.UnknownElement.execute(UnknownElement.java:288)
	at sun.reflect.GeneratedMethodAccessor1.invoke(Unknown Source)
	at sun.reflect.DelegatingMethodAccessorImpl.invoke(DelegatingMethodAccessorImpl.java:43)
	at java.lang.reflect.Method.invoke(Method.java:616)
	at org.apache.tools.ant.dispatch.DispatchUtils.execute(DispatchUtils.java:106)
	at org.apache.tools.ant.Task.perform(Task.java:348)
	at org.apache.tools.ant.Target.execute(Target.java:357)
	at org.apache.tools.ant.Target.performTasks(Target.java:385)
	at org.apache.tools.ant.Project.executeSortedTargets(Project.java:1337)
	at org.apache.tools.ant.Project.executeTarget(Project.java:1306)
	at org.apache.tools.ant.helper.DefaultExecutor.executeTargets(DefaultExecutor.java:41)
	at org.apache.tools.ant.Project.executeTargets(Project.java:1189)
	at org.apache.tools.ant.Main.runBuild(Main.java:758)
	at org.apache.tools.ant.Main.startAnt(Main.java:217)
	at org.apache.tools.ant.launch.Launcher.run(Launcher.java:257)
	at org.apache.tools.ant.launch.Launcher.main(Launcher.java:104)
Caused by: java.lang.ClassNotFoundException: org.apache.log.format.Formatter
	at org.apache.tools.ant.AntClassLoader.findClassInComponents(AntClassLoader.java:1400)
	at org.apache.tools.ant.AntClassLoader.findClass(AntClassLoader.java:1341)
	at org.apache.tools.ant.AntClassLoader.loadClass(AntClassLoader.java:1088)
	at java.lang.ClassLoader.loadClass(ClassLoader.java:268)
	at java.lang.ClassLoader.loadClassInternal(ClassLoader.java:336)
	... 26 more
2009-03-16 11:56:26,405 - Trying to use logger class org.apache.velocity.runtime.log.Log4JLogChute
2009-03-16 11:56:26,406 - Using logger class org.apache.velocity.runtime.log.Log4JLogChute
2009-03-16 11:56:26,409 - Default ResourceManager initializing. (class org.apache.velocity.runtime.resource.ResourceManagerImpl)
2009-03-16 11:56:26,412 - Do unicode file recognition:  false
2009-03-16 11:56:26,413 - FileResourceLoader : adding path '/home/chrissou/Desktop/testtorque/torque-gen-3.3/templates'
2009-03-16 11:56:26,433 - ResourceCache: initialized (class org.apache.velocity.runtime.resource.ResourceCacheImpl)
2009-03-16 11:56:26,434 - Loaded System Directive: org.apache.velocity.runtime.directive.Literal
2009-03-16 11:56:26,436 - Loaded System Directive: org.apache.velocity.runtime.directive.Macro
2009-03-16 11:56:26,440 - Loaded System Directive: org.apache.velocity.runtime.directive.Parse
2009-03-16 11:56:26,442 - Loaded System Directive: org.apache.velocity.runtime.directive.Include
2009-03-16 11:56:26,443 - Loaded System Directive: org.apache.velocity.runtime.directive.Foreach
2009-03-16 11:56:26,506 - Created '20' parsers.
2009-03-16 11:56:26,517 - Velocimacro : "velocimacro.library" is not set.  Trying default library: VM_global_library.vm
2009-03-16 11:56:26,518 - Velocimacro : Default library not found.
2009-03-16 11:56:26,518 - Velocimacro : allowInline = true : VMs can be defined inline in templates
2009-03-16 11:56:26,518 - Velocimacro : allowInlineToOverride = false : VMs defined inline may NOT replace previous VM definitions
2009-03-16 11:56:26,518 - Velocimacro : allowInlineLocal = false : VMs defined inline will be global in scope if allowed.
2009-03-16 11:56:26,518 - Velocimacro : autoload off : VM system will not automatically reload global library macros
2009-03-16 11:56:26,671 - ResourceManager : found sql/db-init/Control.vm with loader org.apache.velocity.runtime.resource.ResourceCacheImpl
2009-03-16 11:56:26,702 - ResourceManager : found sql/db-init/postgresql/createdb.vm with loader org.apache.velocity.runtime.resource.ResourceCacheImpl
